{"time":"2026-06-10T22:48:32.8408836+02:00","level":"INFO","msg":"starting go-database","config":"{\n  \"server\": {\n    \"host\": \"0.0.0.0\",\n    \"port\": 8080,\n    \"base_url\": \"http://0.0.0.0:8080\",\n    \"cors_origin\": \"\"\n  },\n  \"auth\": {\n    \"token_duration\": 60,\n    \"jwt_secret\": \"\"\n  },\n  \"internal_db\": {\n    \"auth_path\": \"database\\\\internal\\\\auth.db\",\n    \"jobs_path\": \"database\\\\internal\\\\jobs.db\",\n    \"metrics_path\": \"database\\\\internal\\\\metrics.db\"\n  },\n  \"log_level\": \"info\",\n  \"data_dir\": \"database/internal\"\n}"}
{"time":"2026-06-10T22:48:32.8439138+02:00","level":"INFO","msg":"internal database migrated"}
{"time":"2026-06-10T22:48:32.8444607+02:00","level":"INFO","msg":"internal database ready","path":"database\\internal\\auth.db"}
{"time":"2026-06-10T22:48:32.8444607+02:00","level":"INFO","msg":"health checker started","interval":30000000000}
{"time":"2026-06-10T22:48:32.8444607+02:00","level":"INFO","msg":"connection manager ready"}
{"time":"2026-06-10T22:48:33.1384647+02:00","level":"INFO","msg":"provisioner: docker not available, trying embedded servers"}
{"time":"2026-06-10T22:48:37.2388326+02:00","level":"WARN","msg":"provisioner: could not start postgres","error":"postgres: embedded postgres: unable to init database using 'C:\\Users\\Chang\\.embedded-postgres-go\\extracted\\bin\\initdb -A password -U postgres -D C:\\Users\\Chang\\.embedded-postgres-go\\extracted\\data --pwfile=C:\\Users\\Chang\\.embedded-postgres-go\\extracted\\pwfile': exit status 1\nDie Dateien, die zu diesem Datenbanksystem geh\ufffdren, werden dem Benutzer\r\n\ufffdChang\ufffd geh\ufffdren. Diesem Benutzer muss auch der Serverprozess geh\ufffdren.\r\n\r\nDer Datenbankcluster wird mit der Locale \ufffdGerman_Switzerland.1252\ufffd initialisiert werden.\r\nDie Standarddatenbankkodierung wurde entsprechend auf \ufffdWIN1252\ufffd gesetzt.\r\nDie Standardtextsuchekonfiguration wird auf \ufffdgerman\ufffd gesetzt.\r\n\r\nDatenseitenpr\ufffdfsummen sind eingeschaltet.\r\ninitdb: Fehler: Passwortdatei \ufffdC:\\Users\\Chang\\.embedded-postgres-go\\extracted\\pwfile\ufffd ist leer\r\n"}
{"time":"2026-06-10T22:48:37.2419429+02:00","level":"INFO","msg":"provisioner: embedded mysql started on :3306"}
{"time":"2026-06-10T22:48:37.243609+02:00","level":"INFO","msg":"connection established","id":"1912ae3c","type":"mysql","latency":1666100}
{"time":"2026-06-10T22:48:37.2443389+02:00","level":"INFO","msg":"provisioner: mysql ready","id":"1912ae3c","name":"mysql-dev"}
{"time":"2026-06-10T22:48:37.2453755+02:00","level":"INFO","msg":"provisioner: embedded mysql started on :3307"}
{"time":"2026-06-10T22:48:37.2466697+02:00","level":"INFO","msg":"connection established","id":"e4aed190","type":"mariadb","latency":1294200}
{"time":"2026-06-10T22:48:37.2466697+02:00","level":"INFO","msg":"provisioner: mariadb ready","id":"e4aed190","name":"mariadb-dev"}
{"time":"2026-06-10T22:48:37.2471861+02:00","level":"WARN","msg":"provisioner: could not start mongodb","error":"mongodb: no provisioner available"}
{"time":"2026-06-10T22:48:37.2471861+02:00","level":"WARN","msg":"provisioner: could not start redis","error":"redis: no provisioner available"}
{"time":"2026-06-10T22:48:37.2471861+02:00","level":"INFO","msg":"provisioner ready","connections":["1912ae3c","e4aed190"]}
{"time":"2026-06-10T22:48:37.2471861+02:00","level":"INFO","msg":"token service ready (AES-256-GCM, key stored in ~/.config/go-database/secret.key)"}
{"time":"2026-06-10T22:48:37.2471861+02:00","level":"INFO","msg":"dashboard embedded and serving"}
{"time":"2026-06-10T22:48:37.2478973+02:00","level":"INFO","msg":"routes registered"}
{"time":"2026-06-10T22:48:37.2478973+02:00","level":"INFO","msg":"listening on 0.0.0.0:8080"}
